INFO - loaded OpenXR runtime: Oculus 1.74.0
ERROR - thread 'main' panicked at 'called `Result::unwrap()` on an `Err` value: ERROR_FORM_FACTOR_UNAVAILABLE': src\main.rs:102
   0: <unknown>
   1: <unknown>
   2: <unknown>
   3: <unknown>
   4: <unknown>
   5: <unknown>
   6: <unknown>
   7: <unknown>
   8: <unknown>
   9: <unknown>
  10: <unknown>
  11: <unknown>
  12: <unknown>
  13: <unknown>
  14: <unknown>
  15: <unknown>
  16: <unknown>
  17: BaseThreadInitThunk
  18: RtlUserThreadStart

INFO - loaded OpenXR runtime: Oculus 1.74.0
INFO - Instance version: 0x401000
INFO - Enabling device properties2
INFO - Private capabilities: PrivateCapabilities { flip_y_requires_shift: true, imageless_framebuffers: true, image_view_usage: true, timeline_semaphores: true, texture_d24: true, texture_d24_s8: true, can_present: true, non_coherent_map_mask: 63, robust_buffer_access: true, robust_image_access: true }
INFO - Created texture Valid((0, 1, Vulkan)) with TextureDescriptor { label: Some("Blank"), size: Extent3d { width: 1, height: 1, depth_or_array_layers: 1 }, mip_level_count: 1, sample_count: 1, dimension: D2, format: Rgba8UnormSrgb, usage: TEXTURE_BINDING }
INFO - Dropping KatangaLoaderContext
INFO - Created buffer Valid((0, 1, Vulkan)) with BufferDescriptor { label: Some("Vertex Buffer"), size: 200000, usage: VERTEX, mapped_at_creation: true }
INFO - Created buffer Valid((1, 1, Vulkan)) with BufferDescriptor { label: Some("Index Buffer"), size: 117612, usage: INDEX, mapped_at_creation: true }
INFO - Created buffer Valid((2, 1, Vulkan)) with BufferDescriptor { label: Some("Camera Buffer"), size: 128, usage: COPY_DST | UNIFORM, mapped_at_creation: true }
INFO - Created render pipeline Valid((0, 1, Vulkan)) with RenderPipelineDescriptor { label: None, layout: Some((0, 1, Vulkan)), vertex: VertexState { stage: ProgrammableStageDescriptor { module: (0, 1, Vulkan), entry_point: "vs_main" }, buffers: [VertexBufferLayout { array_stride: 20, step_mode: Vertex, attributes: [VertexAttribute { format: Float32x3, offset: 0, shader_location: 0 }, VertexAttribute { format: Float32x2, offset: 12, shader_location: 1 }] }] }, primitive: PrimitiveState { topology: TriangleList, strip_index_format: None, front_face: Ccw, cull_mode: None, unclipped_depth: false, polygon_mode: Fill, conservative: false }, depth_stencil: None, multisample: MultisampleState { count: 1, mask: 18446744073709551615, alpha_to_coverage_enabled: false }, fragment: Some(FragmentState { stage: ProgrammableStageDescriptor { module: (0, 1, Vulkan), entry_point: "fs_main" }, targets: [Some(ColorTargetState { format: Bgra8UnormSrgb, blend: None, write_mask: RED | GREEN | BLUE | ALPHA | COLOR | ALL })] }), multiview: Some(2) }
INFO - Entered state IDLE
INFO - Entered state READY
INFO - Entered state SYNCHRONIZED
INFO - Entered state VISIBLE
INFO - Entered state FOCUSED
INFO - Creating OpenXR swapchain
INFO - Created texture Valid((1, 1, Vulkan)) with TextureDescriptor { label: None, size: Extent3d { width: 2432, height: 2464, depth_or_array_layers: 2 }, mip_level_count: 1, sample_count: 1, dimension: D2, format: Bgra8UnormSrgb, usage: COPY_SRC | COPY_DST | TEXTURE_BINDING | STORAGE_BINDING | RENDER_ATTACHMENT }
INFO - Created texture Valid((2, 1, Vulkan)) with TextureDescriptor { label: None, size: Extent3d { width: 2432, height: 2464, depth_or_array_layers: 2 }, mip_level_count: 1, sample_count: 1, dimension: D2, format: Bgra8UnormSrgb, usage: COPY_SRC | COPY_DST | TEXTURE_BINDING | STORAGE_BINDING | RENDER_ATTACHMENT }
INFO - Created texture Valid((3, 1, Vulkan)) with TextureDescriptor { label: None, size: Extent3d { width: 2432, height: 2464, depth_or_array_layers: 2 }, mip_level_count: 1, sample_count: 1, dimension: D2, format: Bgra8UnormSrgb, usage: COPY_SRC | COPY_DST | TEXTURE_BINDING | STORAGE_BINDING | RENDER_ATTACHMENT }
INFO - Entered state VISIBLE
INFO - Entered state SYNCHRONIZED
INFO - Entered state STOPPING
INFO - Entered state IDLE
INFO - Entered state READY
INFO - Entered state SYNCHRONIZED
INFO - Entered state STOPPING
INFO - Entered state IDLE
INFO - Entered state READY
INFO - Entered state SYNCHRONIZED
INFO - Entered state VISIBLE
INFO - Qutting app manually...
